2019-09-30 13:00:18 INFO  Driver:26 - Scanner open
2019-09-30 13:54:37 INFO  Driver:26 - Scanner open
2019-09-30 13:56:35 INFO  Driver:58 - Employee LogIn: a@f.c
2019-09-30 13:56:35 INFO  Menus:347 - Database Refresh
2019-09-30 13:56:48 INFO  Menus:347 - Database Refresh
2019-09-30 13:56:48 INFO  Menus:347 - Database Refresh
2019-09-30 13:57:26 INFO  Menus:347 - Database Refresh
2019-10-02 16:15:42 INFO  Driver:26 - Scanner open
2019-10-02 16:17:22 INFO  Driver:58 - Employee LogIn: br@gm.c
2019-10-02 16:17:22 INFO  Menus:348 - Database Refresh
2019-10-02 16:17:48 INFO  Menus:348 - Database Refresh
2019-10-02 16:28:21 INFO  Driver:26 - Scanner open
2019-10-08 12:03:20 INFO  Driver:27 - Scanner open
2019-10-08 12:52:32 INFO  Driver:26 - Scanner open
2019-10-08 13:00:07 INFO  Driver:26 - Scanner open
2019-10-08 13:02:23 INFO  Driver:26 - Scanner open
2019-10-08 13:07:16 INFO  Driver:26 - Scanner open
2019-10-08 13:19:01 INFO  Driver:26 - Scanner open
2019-10-08 13:27:01 INFO  Driver:26 - Scanner open
2019-10-08 13:29:59 INFO  Driver:26 - Scanner open
2019-10-08 13:35:48 INFO  Driver:46 - Customer LogIn:c@g.c
2019-10-08 13:46:27 INFO  Driver:26 - Scanner open
2019-10-08 13:46:39 INFO  Driver:46 - Customer LogIn:c@g.c
2019-10-08 13:51:12 INFO  Driver:26 - Scanner open
2019-10-08 13:51:21 INFO  Driver:46 - Customer LogIn:c@g.c
2019-10-08 13:51:48 INFO  Menus:52 - c@g.cLogged Out
2019-10-08 13:58:42 INFO  Driver:26 - Scanner open
2019-10-08 13:59:09 INFO  Driver:56 - Employee LogIn: e@g.c
2019-10-08 14:01:00 INFO  Driver:26 - Scanner open
2019-10-08 14:01:24 INFO  Driver:56 - Employee LogIn: e@g.c
2019-10-08 14:03:22 INFO  Driver:26 - Scanner open
2019-10-08 14:03:33 INFO  Driver:56 - Employee LogIn: e@g.c
2019-10-08 14:05:01 INFO  Driver:46 - Customer LogIn:c@g.c
2019-10-08 14:06:22 INFO  Menus:52 - c@g.cLogged Out
2019-10-08 14:07:21 INFO  Driver:56 - Employee LogIn: e@g.c
2019-10-08 14:33:51 INFO  Driver:26 - Scanner open
2019-10-08 14:34:13 INFO  Driver:56 - Employee LogIn: e@g.c
2019-10-08 16:44:32 INFO  Driver:26 - Scanner open
2019-10-08 16:44:49 INFO  Driver:46 - Customer LogIn:c@g.c
2019-10-08 16:50:59 INFO  Driver:26 - Scanner open
2019-10-08 16:54:31 INFO  Driver:26 - Scanner open
2019-10-08 16:54:53 INFO  Driver:46 - Customer LogIn:c@g.c
2019-10-08 17:09:20 INFO  Driver:26 - Scanner open
2019-10-08 17:09:32 INFO  Driver:46 - Customer LogIn:c@g.c
2019-10-08 17:12:10 INFO  Driver:26 - Scanner open
2019-10-08 17:15:21 INFO  Driver:26 - Scanner open
2019-10-08 17:15:39 INFO  Driver:46 - Customer LogIn:c@g.c
2019-10-08 17:44:21 INFO  Driver:26 - Scanner open
2019-10-08 17:45:00 INFO  Driver:46 - Customer LogIn:c@g.c
